[09/Apr/2026 09:51:36] "GET /health/ HTTP/1.1" 200 48
[09/Apr/2026 09:51:36] "GET / HTTP/1.1" 200 2437
[09/Apr/2026 09:51:36] "GET /runtime/health/ HTTP/1.1" 200 295
[09/Apr/2026 09:51:36] "GET /trips HTTP/1.1" 200 2437
[09/Apr/2026 09:51:36] "GET /trips/preview HTTP/1.1" 200 2437
[09/Apr/2026 09:51:36] "GET /trips/1 HTTP/1.1" 200 2437
[09/Apr/2026 09:51:36] "GET /create-trip HTTP/1.1" 200 2437
[09/Apr/2026 09:51:36] "GET /my-trips HTTP/1.1" 200 2437
[09/Apr/2026 09:51:36] "GET /experiences HTTP/1.1" 200 2437
[09/Apr/2026 09:51:36] "GET /experiences/create HTTP/1.1" 200 2437
[09/Apr/2026 09:51:36] "GET /experiences/edit HTTP/1.1" 200 2437
[09/Apr/2026 09:51:36] "GET /experiences/sample-slug HTTP/1.1" 200 2437
[09/Apr/2026 09:51:36] "GET /search/ HTTP/1.1" 200 33946
[09/Apr/2026 09:51:36] "GET /blogs HTTP/1.1" 200 2437
Not Found: /u/nonexistent/
[09/Apr/2026 09:51:36] "GET /u/nonexistent/ HTTP/1.1" 404 36172
[09/Apr/2026 09:51:36] "GET /travel-hosts HTTP/1.1" 200 2437
[09/Apr/2026 09:51:36] "GET /bookmarks HTTP/1.1" 200 2437
[09/Apr/2026 09:51:36] "GET /sitemap.xml HTTP/1.1" 200 1731
[09/Apr/2026 09:51:36] "GET /inbox HTTP/1.1" 200 2437
[09/Apr/2026 09:51:36] "GET /robots.txt HTTP/1.1" 200 66
[09/Apr/2026 09:51:36] "GET /manage-trip/1 HTTP/1.1" 200 2437
[09/Apr/2026 09:51:36] "GET /admin/ HTTP/1.1" 302 0
[09/Apr/2026 09:51:36] "GET /login HTTP/1.1" 200 2437
[09/Apr/2026 09:51:36] "GET /accounts/login/ HTTP/1.1" 302 0
[09/Apr/2026 09:51:36] "GET /accounts/signup/ HTTP/1.1" 302 0
[09/Apr/2026 09:51:36] "GET /signup HTTP/1.1" 200 2437
[09/Apr/2026 09:51:36] "GET /accounts/me/ HTTP/1.1" 302 0
[09/Apr/2026 09:51:36] "GET /profile HTTP/1.1" 200 2437
[09/Apr/2026 09:51:36] "GET /profile/sampleuser HTTP/1.1" 200 2437
[09/Apr/2026 09:51:36] "GET /inbox?dm=mei HTTP/1.1" 200 2444
[09/Apr/2026 10:04:15] "GET /inbox?dm=mei HTTP/1.1" 200 2444
[09/Apr/2026 10:52:23] "GET / HTTP/1.1" 200 2437
[09/Apr/2026 10:52:23] "GET /runtime/health/ HTTP/1.1" 200 295
[09/Apr/2026 10:53:58] "GET / HTTP/1.1" 200 2437
[09/Apr/2026 10:53:59] "GET /static/frontend-brand/tokens.css HTTP/1.1" 200 2171
[09/Apr/2026 10:53:59] "GET /static/frontend-brand/overrides.css HTTP/1.1" 200 333
[09/Apr/2026 10:53:59] "GET /assets/index-D7uUUo9U.css HTTP/1.1" 200 78149
[09/Apr/2026 10:53:59] "GET /assets/index-BrnmTegY.js HTTP/1.1" 200 1648500
[09/Apr/2026 10:54:18] "GET / HTTP/1.1" 200 2437
[09/Apr/2026 10:54:19] "GET /static/frontend-brand/tokens.css HTTP/1.1" 200 2171
[09/Apr/2026 10:54:19] "GET /static/frontend-brand/overrides.css HTTP/1.1" 200 333
[09/Apr/2026 10:54:19] "GET /assets/index-D7uUUo9U.css HTTP/1.1" 200 78149
[09/Apr/2026 10:54:19] "GET /assets/index-BrnmTegY.js HTTP/1.1" 200 1648500
[09/Apr/2026 10:54:30] "GET /assets/index-BrnmTegY.js HTTP/1.1" 200 1648500
