[09/Apr/2026 09:31:57] "GET / HTTP/1.1" 200 2469
[09/Apr/2026 09:32:03] "GET / HTTP/1.1" 200 2469
[09/Apr/2026 09:32:03] "GET /trips HTTP/1.1" 200 2469
[09/Apr/2026 09:32:03] "GET /trips/preview HTTP/1.1" 200 2469
[09/Apr/2026 09:32:03] "GET /trips/1 HTTP/1.1" 200 2469
[09/Apr/2026 09:32:03] "GET /create-trip HTTP/1.1" 200 2469
[09/Apr/2026 09:32:03] "GET /my-trips HTTP/1.1" 200 2469
[09/Apr/2026 09:32:03] "GET /experiences HTTP/1.1" 200 2469
[09/Apr/2026 09:32:03] "GET /experiences/create HTTP/1.1" 200 2469
[09/Apr/2026 09:32:03] "GET /experiences/edit HTTP/1.1" 200 2469
[09/Apr/2026 09:32:03] "GET /experiences/sample-slug HTTP/1.1" 200 2469
[09/Apr/2026 09:32:03] "GET /blogs HTTP/1.1" 200 2469
[09/Apr/2026 09:32:03] "GET /travel-hosts HTTP/1.1" 200 2469
[09/Apr/2026 09:32:03] "GET /bookmarks HTTP/1.1" 200 2469
[09/Apr/2026 09:32:03] "GET /inbox HTTP/1.1" 200 2469
[09/Apr/2026 09:32:03] "GET /manage-trip/1 HTTP/1.1" 200 2469
[09/Apr/2026 09:32:03] "GET /login HTTP/1.1" 200 2469
[09/Apr/2026 09:32:03] "GET /signup HTTP/1.1" 200 2469
[09/Apr/2026 09:32:03] "GET /profile HTTP/1.1" 200 2469
[09/Apr/2026 09:32:03] "GET /profile/sampleuser HTTP/1.1" 200 2469
[09/Apr/2026 09:32:08] "GET / HTTP/1.1" 200 2469
[09/Apr/2026 09:32:16] "GET /health/ HTTP/1.1" 200 48
[09/Apr/2026 09:32:16] "GET /admin/ HTTP/1.1" 302 0
[09/Apr/2026 09:32:16] "GET /admin/login/?next=/admin/ HTTP/1.1" 200 4173
[09/Apr/2026 09:32:24] "GET /runtime/health/ HTTP/1.1" 200 298
[09/Apr/2026 09:32:24] "GET /search/ HTTP/1.1" 200 33946
Internal Server Error: /accounts/login/
Traceback (most recent call last):
  File "E:\tapne\.venv\Lib\site-packages\django\core\handlers\exception.py", line 55, in inner
    response = get_response(request)
  File "E:\tapne\.venv\Lib\site-packages\django\core\handlers\base.py", line 197, in _get_response
    response = wrapped_callback(request, *callback_args, **callback_kwargs)
  File "E:\tapne\.venv\Lib\site-packages\django\views\decorators\http.py", line 64, in inner
    return func(request, *args, **kwargs)
  File "E:\tapne\accounts\views.py", line 390, in login_view
    origin_url = _resolve_fallback_next_url(request, reverse("home"))
                                                     ~~~~~~~^^^^^^^^
  File "E:\tapne\.venv\Lib\site-packages\django\urls\base.py", line 98, in reverse
    resolved_url = resolver._reverse_with_prefix(view, prefix, *args, **kwargs)
  File "E:\tapne\.venv\Lib\site-packages\django\urls\resolvers.py", line 831, in _reverse_with_prefix
    raise NoReverseMatch(msg)
django.urls.exceptions.NoReverseMatch: Reverse for 'home' not found. 'home' is not a valid view function or pattern name.
[09/Apr/2026 09:32:24] "GET /accounts/login/ HTTP/1.1" 500 98731
Internal Server Error: /accounts/signup/
Traceback (most recent call last):
  File "E:\tapne\.venv\Lib\site-packages\django\core\handlers\exception.py", line 55, in inner
    response = get_response(request)
  File "E:\tapne\.venv\Lib\site-packages\django\core\handlers\base.py", line 197, in _get_response
    response = wrapped_callback(request, *callback_args, **callback_kwargs)
  File "E:\tapne\.venv\Lib\site-packages\django\views\decorators\http.py", line 64, in inner
    return func(request, *args, **kwargs)
  File "E:\tapne\accounts\views.py", line 335, in signup_view
    origin_url = _resolve_fallback_next_url(request, reverse("home"))
                                                     ~~~~~~~^^^^^^^^
  File "E:\tapne\.venv\Lib\site-packages\django\urls\base.py", line 98, in reverse
    resolved_url = resolver._reverse_with_prefix(view, prefix, *args, **kwargs)
  File "E:\tapne\.venv\Lib\site-packages\django\urls\resolvers.py", line 831, in _reverse_with_prefix
    raise NoReverseMatch(msg)
django.urls.exceptions.NoReverseMatch: Reverse for 'home' not found. 'home' is not a valid view function or pattern name.
[09/Apr/2026 09:32:24] "GET /accounts/signup/ HTTP/1.1" 500 98750
[09/Apr/2026 09:32:24] "GET /accounts/me/ HTTP/1.1" 302 0
Internal Server Error: /accounts/login/
Traceback (most recent call last):
  File "E:\tapne\.venv\Lib\site-packages\django\core\handlers\exception.py", line 55, in inner
    response = get_response(request)
  File "E:\tapne\.venv\Lib\site-packages\django\core\handlers\base.py", line 197, in _get_response
    response = wrapped_callback(request, *callback_args, **callback_kwargs)
  File "E:\tapne\.venv\Lib\site-packages\django\views\decorators\http.py", line 64, in inner
    return func(request, *args, **kwargs)
  File "E:\tapne\accounts\views.py", line 390, in login_view
    origin_url = _resolve_fallback_next_url(request, reverse("home"))
                                                     ~~~~~~~^^^^^^^^
  File "E:\tapne\.venv\Lib\site-packages\django\urls\base.py", line 98, in reverse
    resolved_url = resolver._reverse_with_prefix(view, prefix, *args, **kwargs)
  File "E:\tapne\.venv\Lib\site-packages\django\urls\resolvers.py", line 831, in _reverse_with_prefix
    raise NoReverseMatch(msg)
django.urls.exceptions.NoReverseMatch: Reverse for 'home' not found. 'home' is not a valid view function or pattern name.
[09/Apr/2026 09:32:24] "GET /accounts/login/?next=/accounts/me/ HTTP/1.1" 500 99185
Not Found: /u/nonexistent/
[09/Apr/2026 09:32:24] "GET /u/nonexistent/ HTTP/1.1" 404 36172
[09/Apr/2026 09:32:24] "GET /sitemap.xml HTTP/1.1" 200 1731
[09/Apr/2026 09:32:24] "GET /robots.txt HTTP/1.1" 200 66
