[09/Apr/2026 10:56:43] "GET /runtime/health/ HTTP/1.1" 200 297
[09/Apr/2026 10:56:53] "GET /assets/index-BrnmTegY.js HTTP/1.1" 200 1648500
[09/Apr/2026 10:56:53] "GET /runtime/health/ HTTP/1.1" 200 297
[09/Apr/2026 10:57:15] "GET / HTTP/1.1" 200 2469
[09/Apr/2026 10:57:15] "GET /assets/index-D7uUUo9U.css HTTP/1.1" 200 78149
[09/Apr/2026 10:57:15] "GET /assets/index-BrnmTegY.js HTTP/1.1" 200 1648500
[09/Apr/2026 10:57:15] "GET /static/frontend-brand/tokens.css HTTP/1.1" 200 2171
[09/Apr/2026 10:57:15] "GET /static/frontend-brand/overrides.css HTTP/1.1" 200 333
[09/Apr/2026 10:57:15] "GET /frontend-api/session/ HTTP/1.1" 200 1986
[09/Apr/2026 10:57:15] "GET /frontend-api/home/ HTTP/1.1" 200 249
[09/Apr/2026 10:57:46] "GET / HTTP/1.1" 200 2469
[09/Apr/2026 10:57:46] "GET /static/frontend-brand/tokens.css HTTP/1.1" 200 2171
[09/Apr/2026 10:57:46] "GET /static/frontend-brand/overrides.css HTTP/1.1" 200 333
[09/Apr/2026 10:57:46] "GET /assets/index-D7uUUo9U.css HTTP/1.1" 200 78149
[09/Apr/2026 10:57:46] "GET /assets/index-BrnmTegY.js HTTP/1.1" 200 1648500
[09/Apr/2026 10:57:46] "GET /frontend-api/session/ HTTP/1.1" 200 1986
[09/Apr/2026 10:57:46] "GET /frontend-api/home/ HTTP/1.1" 200 249
[09/Apr/2026 10:57:48] "GET /create-trip HTTP/1.1" 200 2469
[09/Apr/2026 10:57:48] "GET /static/frontend-brand/overrides.css HTTP/1.1" 200 333
[09/Apr/2026 10:57:48] "GET /static/frontend-brand/tokens.css HTTP/1.1" 200 2171
[09/Apr/2026 10:57:48] "GET /assets/index-D7uUUo9U.css HTTP/1.1" 200 78149
[09/Apr/2026 10:57:48] "GET /assets/index-BrnmTegY.js HTTP/1.1" 200 1648500
[09/Apr/2026 10:57:48] "GET /frontend-api/session/ HTTP/1.1" 200 1986
[09/Apr/2026 11:00:19] "GET / HTTP/1.1" 200 2469
[09/Apr/2026 11:00:20] "GET /assets/index-BKm1GMDh.js HTTP/1.1" 200 1648680
[09/Apr/2026 11:00:34] "GET / HTTP/1.1" 200 2469
[09/Apr/2026 11:00:34] "GET /static/frontend-brand/tokens.css HTTP/1.1" 200 2171
[09/Apr/2026 11:00:34] "GET /static/frontend-brand/overrides.css HTTP/1.1" 200 333
[09/Apr/2026 11:00:34] "GET /assets/index-D7uUUo9U.css HTTP/1.1" 200 78149
[09/Apr/2026 11:00:34] "GET /assets/index-BKm1GMDh.js HTTP/1.1" 200 1648680
[09/Apr/2026 11:00:34] "GET /frontend-api/session/ HTTP/1.1" 200 1986
[09/Apr/2026 11:00:34] "GET /frontend-api/home/ HTTP/1.1" 200 249
[09/Apr/2026 11:00:36] "GET /create-trip HTTP/1.1" 200 2469
[09/Apr/2026 11:00:36] "GET /static/frontend-brand/tokens.css HTTP/1.1" 200 2171
[09/Apr/2026 11:00:36] "GET /static/frontend-brand/overrides.css HTTP/1.1" 200 333
[09/Apr/2026 11:00:36] "GET /assets/index-D7uUUo9U.css HTTP/1.1" 200 78149
[09/Apr/2026 11:00:36] "GET /assets/index-BKm1GMDh.js HTTP/1.1" 200 1648680
[09/Apr/2026 11:00:36] "GET /frontend-api/session/ HTTP/1.1" 200 1986
